TN:
SF:app.js
FN:19,(anonymous_0)
FNF:1
FNH:0
FNDA:0,(anonymous_0)
DA:7,1
DA:9,1
DA:11,1
DA:13,1
DA:15,1
DA:17,1
DA:19,1
DA:20,0
LF:8
LH:7
BRF:0
BRH:0
end_of_record
TN:
SF:src/controllers/get.js
FN:3,(anonymous_0)
FN:22,(anonymous_1)
FN:42,(anonymous_2)
FN:43,(anonymous_3)
FN:69,(anonymous_4)
FN:92,(anonymous_5)
FNF:6
FNH:0
FNDA:0,(anonymous_0)
FNDA:0,(anonymous_1)
FNDA:0,(anonymous_2)
FNDA:0,(anonymous_3)
FNDA:0,(anonymous_4)
FNDA:0,(anonymous_5)
DA:3,1
DA:4,0
DA:5,0
DA:7,0
DA:13,0
DA:14,0
DA:22,1
DA:23,0
DA:24,0
DA:25,0
DA:30,0
DA:35,0
DA:36,0
DA:41,0
DA:43,0
DA:46,0
DA:48,0
DA:60,0
DA:61,0
DA:69,1
DA:70,0
DA:71,0
DA:73,0
DA:77,0
DA:83,0
DA:84,0
DA:92,1
DA:93,0
DA:94,0
DA:95,0
DA:99,0
DA:100,0
DA:105,0
DA:111,0
DA:112,0
LF:35
LH:4
BRDA:35,0,0,0
BRDA:35,0,1,0
BRDA:41,1,0,0
BRDA:41,1,1,0
BRDA:99,2,0,0
BRDA:99,2,1,0
BRF:6
BRH:0
end_of_record
TN:
SF:src/controllers/post.js
FN:6,(anonymous_0)
FN:11,(anonymous_1)
FN:78,(anonymous_2)
FN:83,(anonymous_3)
FN:135,(anonymous_4)
FN:139,(anonymous_5)
FN:180,(anonymous_6)
FN:184,(anonymous_7)
FNF:8
FNH:0
FNDA:0,(anonymous_0)
FNDA:0,(anonymous_1)
FNDA:0,(anonymous_2)
FNDA:0,(anonymous_3)
FNDA:0,(anonymous_4)
FNDA:0,(anonymous_5)
FNDA:0,(anonymous_6)
FNDA:0,(anonymous_7)
DA:6,1
DA:7,0
DA:9,0
DA:10,0
DA:11,0
DA:18,0
DA:19,0
DA:20,0
DA:25,0
DA:26,0
DA:31,0
DA:33,0
DA:55,0
DA:57,0
DA:60,0
DA:69,0
DA:70,0
DA:78,1
DA:79,0
DA:81,0
DA:82,0
DA:83,0
DA:89,0
DA:90,0
DA:91,0
DA:96,0
DA:100,0
DA:106,0
DA:108,0
DA:111,0
DA:126,0
DA:127,0
DA:135,1
DA:136,0
DA:137,0
DA:138,0
DA:139,0
DA:146,0
DA:147,0
DA:148,0
DA:165,0
DA:171,0
DA:172,0
DA:180,1
DA:181,0
DA:182,0
DA:183,0
DA:184,0
DA:191,0
DA:192,0
DA:193,0
DA:194,0
DA:197,0
DA:198,0
DA:199,0
DA:209,0
DA:214,0
DA:215,0
LF:58
LH:4
BRDA:9,0,0,0
BRDA:9,0,1,0
BRDA:25,1,0,0
BRDA:25,1,1,0
BRDA:55,2,0,0
BRDA:55,2,1,0
BRDA:81,3,0,0
BRDA:81,3,1,0
BRDA:96,4,0,0
BRDA:96,4,1,0
BRDA:97,5,0,0
BRDA:97,5,1,0
BRDA:106,6,0,0
BRDA:106,6,1,0
BRDA:137,7,0,0
BRDA:137,7,1,0
BRDA:182,8,0,0
BRDA:182,8,1,0
BRDA:197,9,0,0
BRDA:197,9,1,0
BRF:20
BRH:0
end_of_record
TN:
SF:src/middlewares/expressvalidator.js
FNF:0
FNH:0
DA:10,1
DA:49,1
DA:72,1
DA:86,1
LF:4
LH:4
BRF:0
BRH:0
end_of_record
TN:
SF:src/middlewares/prismaclientconfig.js
FNF:0
FNH:0
DA:3,1
LF:1
LH:1
BRF:0
BRH:0
end_of_record
TN:
SF:src/middlewares/token.js
FN:3,(anonymous_0)
FNF:1
FNH:0
FNDA:0,(anonymous_0)
DA:3,1
DA:4,0
DA:5,0
DA:6,0
DA:7,0
DA:8,0
DA:9,0
DA:10,0
DA:12,0
LF:9
LH:1
BRDA:6,0,0,0
BRDA:6,0,1,0
BRDA:8,1,0,0
BRDA:8,1,1,0
BRF:4
BRH:0
end_of_record
TN:
SF:src/routes/login.js
FNF:0
FNH:0
DA:5,1
DA:7,1
LF:2
LH:2
BRF:0
BRH:0
end_of_record
TN:
SF:src/routes/organisation.js
FNF:0
FNH:0
DA:10,1
DA:12,1
DA:14,1
DA:16,1
DA:18,1
LF:5
LH:5
BRF:0
BRH:0
end_of_record
TN:
SF:src/routes/register.js
FNF:0
FNH:0
DA:5,1
DA:7,1
LF:2
LH:2
BRF:0
BRH:0
end_of_record
TN:
SF:src/routes/users.js
FNF:0
FNH:0
DA:5,1
DA:7,1
LF:2
LH:2
BRF:0
BRH:0
end_of_record
